<?xml version="1.0" encoding="UTF-8"?>
<testsuite xmlns:xsi="http://www.w3.org/2001/XMLSchema-instance" xsi:noNamespaceSchemaLocation="https://maven.apache.org/surefire/maven-surefire-plugin/xsd/surefire-test-report.xsd" name="topan_i18n.CurrencyTest" time="1.985" tests="3" errors="0" skipped="0" failures="0">
  <properties>
    <property name="java.specification.version" value="22"/>
    <property name="sun.cpu.isalist" value="amd64"/>
    <property name="sun.jnu.encoding" value="Cp1252"/>
    <property name="java.class.path" value="F:\Developments\Java\belajar_java_i18n\target\test-classes;F:\Developments\Java\belajar_java_i18n\target\classes;C:\Users\TOPAN\.m2\repository\org\junit\jupiter\junit-jupiter\5.11.0-M1\junit-jupiter-5.11.0-M1.jar;C:\Users\TOPAN\.m2\repository\org\junit\jupiter\junit-jupiter-api\5.11.0-M1\junit-jupiter-api-5.11.0-M1.jar;C:\Users\TOPAN\.m2\repository\org\opentest4j\opentest4j\1.3.0\opentest4j-1.3.0.jar;C:\Users\TOPAN\.m2\repository\org\junit\platform\junit-platform-commons\1.11.0-M1\junit-platform-commons-1.11.0-M1.jar;C:\Users\TOPAN\.m2\repository\org\apiguardian\apiguardian-api\1.1.2\apiguardian-api-1.1.2.jar;C:\Users\TOPAN\.m2\repository\org\junit\jupiter\junit-jupiter-params\5.11.0-M1\junit-jupiter-params-5.11.0-M1.jar;C:\Users\TOPAN\.m2\repository\org\junit\jupiter\junit-jupiter-engine\5.11.0-M1\junit-jupiter-engine-5.11.0-M1.jar;C:\Users\TOPAN\.m2\repository\org\junit\platform\junit-platform-engine\1.11.0-M1\junit-platform-engine-1.11.0-M1.jar;"/>
    <property name="java.vm.vendor" value="Oracle Corporation"/>
    <property name="sun.arch.data.model" value="64"/>
    <property name="user.variant" value=""/>
    <property name="java.vendor.url" value="https://java.oracle.com/"/>
    <property name="user.timezone" value="Asia/Jakarta"/>
    <property name="os.name" value="Windows 10"/>
    <property name="java.vm.specification.version" value="22"/>
    <property name="sun.java.launcher" value="SUN_STANDARD"/>
    <property name="user.country" value="GB"/>
    <property name="sun.boot.library.path" value="F:\Application\env\java\jdk-22.0.1\bin"/>
    <property name="sun.java.command" value="C:\Users\TOPAN\AppData\Local\Temp\surefire4200186644612471153\surefirebooter9318116336878998118.jar C:\Users\TOPAN\AppData\Local\Temp\surefire4200186644612471153 2024-08-01T11-14-24_153-jvmRun1 surefire14511768793559317589tmp surefire_05090261327747279475tmp"/>
    <property name="jdk.debug" value="release"/>
    <property name="surefire.test.class.path" value="F:\Developments\Java\belajar_java_i18n\target\test-classes;F:\Developments\Java\belajar_java_i18n\target\classes;C:\Users\TOPAN\.m2\repository\org\junit\jupiter\junit-jupiter\5.11.0-M1\junit-jupiter-5.11.0-M1.jar;C:\Users\TOPAN\.m2\repository\org\junit\jupiter\junit-jupiter-api\5.11.0-M1\junit-jupiter-api-5.11.0-M1.jar;C:\Users\TOPAN\.m2\repository\org\opentest4j\opentest4j\1.3.0\opentest4j-1.3.0.jar;C:\Users\TOPAN\.m2\repository\org\junit\platform\junit-platform-commons\1.11.0-M1\junit-platform-commons-1.11.0-M1.jar;C:\Users\TOPAN\.m2\repository\org\apiguardian\apiguardian-api\1.1.2\apiguardian-api-1.1.2.jar;C:\Users\TOPAN\.m2\repository\org\junit\jupiter\junit-jupiter-params\5.11.0-M1\junit-jupiter-params-5.11.0-M1.jar;C:\Users\TOPAN\.m2\repository\org\junit\jupiter\junit-jupiter-engine\5.11.0-M1\junit-jupiter-engine-5.11.0-M1.jar;C:\Users\TOPAN\.m2\repository\org\junit\platform\junit-platform-engine\1.11.0-M1\junit-platform-engine-1.11.0-M1.jar;"/>
    <property name="sun.cpu.endian" value="little"/>
    <property name="user.home" value="C:\Users\TOPAN"/>
    <property name="user.language" value="en"/>
    <property name="java.specification.vendor" value="Oracle Corporation"/>
    <property name="java.version.date" value="2024-04-16"/>
    <property name="java.home" value="F:\Application\env\java\jdk-22.0.1"/>
    <property name="file.separator" value="\"/>
    <property name="basedir" value="F:\Developments\Java\belajar_java_i18n"/>
    <property name="java.vm.compressedOopsMode" value="32-bit"/>
    <property name="line.separator" value="&#10;"/>
    <property name="java.vm.specification.vendor" value="Oracle Corporation"/>
    <property name="java.specification.name" value="Java Platform API Specification"/>
    <property name="surefire.real.class.path" value="C:\Users\TOPAN\AppData\Local\Temp\surefire4200186644612471153\surefirebooter9318116336878998118.jar"/>
    <property name="user.script" value=""/>
    <property name="sun.management.compiler" value="HotSpot 64-Bit Tiered Compilers"/>
    <property name="java.runtime.version" value="22.0.1+8-16"/>
    <property name="user.name" value="TOPAN"/>
    <property name="stdout.encoding" value="Cp1252"/>
    <property name="path.separator" value=";"/>
    <property name="os.version" value="10.0"/>
    <property name="java.runtime.name" value="Java(TM) SE Runtime Environment"/>
    <property name="file.encoding" value="UTF-8"/>
    <property name="java.vm.name" value="Java HotSpot(TM) 64-Bit Server VM"/>
    <property name="localRepository" value="C:\Users\TOPAN\.m2\repository"/>
    <property name="java.vendor.url.bug" value="https://bugreport.java.com/bugreport/"/>
    <property name="java.io.tmpdir" value="C:\Users\TOPAN\AppData\Local\Temp\"/>
    <property name="java.version" value="22.0.1"/>
    <property name="user.dir" value="F:\Developments\Java\belajar_java_i18n"/>
    <property name="os.arch" value="amd64"/>
    <property name="java.vm.specification.name" value="Java Virtual Machine Specification"/>
    <property name="sun.os.patch.level" value=""/>
    <property name="native.encoding" value="Cp1252"/>
    <property name="java.library.path" value="F:\Application\env\java\jdk-22.0.1\bin;C:\Windows\Sun\Java\bin;C:\Windows\system32;C:\Windows;C:\Program Files (x86)\Common Files\Intel\Shared Libraries\redist\intel64\compiler;C:\Windows\system32;C:\Windows;C:\Windows\System32\Wbem;C:\Windows\System32\WindowsPowerShell\v1.0\;C:\Windows\System32\OpenSSH\;C:\Users\TOPAN\.jdks\openjdk-19.0.2\bin;C:\Program Files\Git\cmd;D:\Programming\xampp\php;D:\Programming\xampp\mysql;C:\Program Files\dotnet\;C:\Program Files\Dart\dart-3\bin;C:\Program Files\Flutter\flutter-3\bin;C:\Program Files\Java\javafx-sdk-20.0.1\bin;C:\Program Files\MiKTeX\miktex\bin\x64\;C:\Program Files\MongoDB\Server\6.0\bin;C:\Program Files\Go\bin;C:\msys64\ucrt64\bin;C:\ProgramData\chocolatey\bin;D:\Application\env\nodejs\;D:\Application\env\go\bin;T:\Application\env\php\php-8.3.8;C:\Users\TOPAN\.config\herd\bin\nvm;C:\Program Files\nodejs;C:\ProgramData\ComposerSetup\bin;F:\Application\env\maven\bin;C:\Users\TOPAN\AppData\Local\Yarn\config\global\node_modules\.bin;C:\Users\TOPAN\AppData\Roaming\Composer\vendor\bin;C:\Users\TOPAN\AppData\Roaming\npm;C:\Users\TOPAN\AppData\Local\Microsoft\WindowsApps;C:\Users\TOPAN\AppData\Local\Microsoft\WinGet\Packages\Schniz.fnm_Microsoft.Winget.Source_8wekyb3d8bbwe;C:\Users\TOPAN\AppData\Local\Programs\Microsoft VS Code\bin;C:\Users\TOPAN\.bun\bin;F:\Application\env\mingw\bin;F:\Application\env\go\bin;F:\Application\env\xampp;F:\Application\env\java\jdk-22.0.1\bin;F:\Application\env\xampp\php;F:\Application\env\python;F:\Application\env\Herd;C:\Users\TOPAN\AppData\Local\GitHubDesktop\bin;F:\Application\env\maven\bin;F:\Application\env\xampp\mysql\bin;;."/>
    <property name="java.vm.info" value="mixed mode, sharing"/>
    <property name="stderr.encoding" value="Cp1252"/>
    <property name="java.vendor" value="Oracle Corporation"/>
    <property name="java.vm.version" value="22.0.1+8-16"/>
    <property name="sun.io.unicode.encoding" value="UnicodeLittle"/>
    <property name="java.class.version" value="66.0"/>
  </properties>
  <testcase name="testCheckAllAvailableCurrency" classname="topan_i18n.CurrencyTest" time="1.938"/>
  <testcase name="testCurrencyIDN" classname="topan_i18n.CurrencyTest" time="0.015"/>
  <testcase name="testCurrencyUSA" classname="topan_i18n.CurrencyTest" time="0"/>
</testsuite>